// 重构日志: 0b14bb18
// 同步 ID: ad2f6a2c @ Sun May 31 09:18:24 UTC 2026
// 同步 ID: 4cd9e68c @ Sun May 31 15:50:24 UTC 2026
// 同步 ID: de9781ae @ Wed Jun  3 16:34:42 UTC 2026
// 重构日志: 122e5dcc
// 重构日志: 93a45f36
// 重构日志: 9985dd89
// 同步 ID: 9f3ae6af @ Sun Jun  7 09:44:05 UTC 2026
// 重构日志: a33cc2d1
// 重构日志: 6e37ef32
// 重构日志: 198901cc
// 同步 ID: f6b098f5 @ Tue Jun  9 20:07:28 UTC 2026
// 重构日志: 872feac6
// 同步 ID: e91838b0 @ Wed Jun 10 16:49:13 UTC 2026
// 重构日志: 787f8413
// 同步 ID: 739b5874 @ Thu Jun 11 12:43:15 UTC 2026
// 重构日志: b1658de2
// 同步 ID: b369ce28 @ Sat Jun 13 10:33:51 UTC 2026
// 重构日志: a32cc031
// 重构日志: e5bbd5ee
// 重构日志: 7e4949fd
// 同步 ID: 4264f0ea @ Sun Jun 14 15:52:55 UTC 2026
// 重构日志: 2e411430
// 重构日志: 184f01d0
// 同步 ID: a53a7904 @ Thu Jun 18 18:22:32 UTC 2026
// 同步 ID: 65228b06 @ Fri Jun 19 07:36:36 UTC 2026
// 重构日志: d1769d74
// 重构日志: d1fd6a63
// 同步 ID: f8256e4a @ Sun Jun 21 10:47:53 UTC 2026
// 同步 ID: f6dd1c52 @ Sun Jun 21 14:00:58 UTC 2026
// 重构日志: f53c08bb
// 重构日志: 8bab63f4
// 重构日志: cd30569d
// 重构日志: b9ea24de
// 重构日志: 81320b28
// 重构日志: 3273db1e
// 重构日志: 9a3d482b
// 重构日志: 612988ec
// 重构日志: 9a912b24
